#-----------------------------------------------------------
# Vivado v2018.3 (64-bit)
# SW Build 2405991 on Thu Dec  6 23:38:27 MST 2018
# IP Build 2404404 on Fri Dec  7 01:43:56 MST 2018
# Start of session at: Sun Dec 20 15:51:49 2020
# Process ID: 11896
# Current directory: F:/FPGAassignment/shift
# Command line: vivado.exe -gui_launcher_event rodinguilauncherevent3928 F:\FPGAassignment\shift\shift.xpr
# Log file: F:/FPGAassignment/shift/vivado.log
# Journal file: F:/FPGAassignment/shift\vivado.jou
#-----------------------------------------------------------
start_gui
open_project F:/FPGAassignment/shift/shift.xpr
Scanning sources...
Finished scanning sources
INFO: [IP_Flow 19-234] Refreshing IP repositories
INFO: [IP_Flow 19-1704] No user IP repositories specified
INFO: [IP_Flow 19-2313] Loaded Vivado IP repository 'D:/Xilinx/Vivado/2018.3/data/ip'.
open_project: Time (s): cpu = 00:00:13 ; elapsed = 00:00:07 . Memory (MB): peak = 679.312 ; gain = 73.430
update_compile_order -fileset sources_1
exit
INFO: [Common 17-206] Exiting Vivado at Sun Dec 20 15:53:06 2020...
