#-----------------------------------------------------------
# Vivado v2018.3 (64-bit)
# SW Build 2405991 on Thu Dec  6 23:38:27 MST 2018
# IP Build 2404404 on Fri Dec  7 01:43:56 MST 2018
# Start of session at: Fri Dec  4 20:36:39 2020
# Process ID: 12852
# Current directory: F:/FPGAassignment/miaobiao
# Command line: vivado.exe -gui_launcher_event rodinguilauncherevent11160 F:\FPGAassignment\miaobiao\miaobiao.xpr
# Log file: F:/FPGAassignment/miaobiao/vivado.log
# Journal file: F:/FPGAassignment/miaobiao\vivado.jou
#-----------------------------------------------------------
start_gui
open_project F:/FPGAassignment/miaobiao/miaobiao.xpr
Scanning sources...
Finished scanning sources
INFO: [IP_Flow 19-234] Refreshing IP repositories
INFO: [IP_Flow 19-1704] No user IP repositories specified
INFO: [IP_Flow 19-2313] Loaded Vivado IP repository 'D:/Xilinx/Vivado/2018.3/data/ip'.
open_project: Time (s): cpu = 00:00:12 ; elapsed = 00:00:08 . Memory (MB): peak = 673.531 ; gain = 75.684
update_compile_order -fileset sources_1
launch_simulation
INFO: [Vivado 12-5682] Launching behavioral simulation in 'F:/FPGAassignment/miaobiao/miaobiao.sim/sim_1/behav/xsim'
INFO: [SIM-utils-51] Simulation object is 'sim_1'
INFO: [SIM-utils-54] Inspecting design source files for 'sim_miaobiao' in fileset 'sim_1'...
INFO: [USF-XSim-97] Finding global include files...
INFO: [USF-XSim-98] Fetching design files from 'sim_1'...
INFO: [USF-XSim-2] XSim::Compile design
INFO: [USF-XSim-61] Executing 'COMPILE and ANALYZE' step in 'F:/FPGAassignment/miaobiao/miaobiao.sim/sim_1/behav/xsim'
"xvlog --incr --relax -prj sim_miaobiao_vlog.prj"
INFO: [VRFC 10-2263] Analyzing Verilog file "F:/FPGAassignment/miaobiao/miaobiao.srcs/sources_1/new/miaobiao.v" into library xil_defaultlib
INFO: [VRFC 10-311] analyzing module miaobiao
INFO: [VRFC 10-2263] Analyzing Verilog file "F:/FPGAassignment/miaobiao/miaobiao.srcs/sim_1/new/sim_miaobiao.v" into library xil_defaultlib
INFO: [VRFC 10-311] analyzing module sim_miaobiao
INFO: [USF-XSim-69] 'compile' step finished in '2' seconds
INFO: [USF-XSim-3] XSim::Elaborate design
INFO: [USF-XSim-61] Executing 'ELABORATE' step in 'F:/FPGAassignment/miaobiao/miaobiao.sim/sim_1/behav/xsim'
Vivado Simulator 2018.3
Copyright 1986-1999, 2001-2018 Xilinx, Inc. All Rights Reserved.
Running: D:/Xilinx/Vivado/2018.3/bin/unwrapped/win64.o/xelab.exe -wto f54b2fb3927547d7af6c22351289d2a4 --incr --debug typical --relax --mt 2 -L xil_defaultlib -L unisims_ver -L unimacro_ver -L secureip --snapshot sim_miaobiao_behav xil_defaultlib.sim_miaobiao xil_defaultlib.glbl -log elaborate.log 
Using 2 slave threads.
Starting static elaboration
Completed static elaboration
Starting simulation data flow analysis
WARNING: [XSIM 43-4099] "F:/FPGAassignment/miaobiao/miaobiao.srcs/sources_1/new/miaobiao.v" Line 22. Module miaobiao doesn't have a timescale but at least one module in design has a timescale.
Completed simulation data flow analysis
Time Resolution for simulation is 1ps
Compiling module xil_defaultlib.miaobiao
Compiling module xil_defaultlib.sim_miaobiao
Compiling module xil_defaultlib.glbl
Built simulation snapshot sim_miaobiao_behav
INFO: [USF-XSim-69] 'elaborate' step finished in '2' seconds
INFO: [USF-XSim-4] XSim::Simulate design
INFO: [USF-XSim-61] Executing 'SIMULATE' step in 'F:/FPGAassignment/miaobiao/miaobiao.sim/sim_1/behav/xsim'
INFO: [USF-XSim-98] *** Running xsim
   with args "sim_miaobiao_behav -key {Behavioral:sim_1:Functional:sim_miaobiao} -tclbatch {sim_miaobiao.tcl} -view {F:/FPGAassignment/miaobiao/sim_miaobiao_behav.wcfg} -log {simulate.log}"
INFO: [USF-XSim-8] Loading simulator feature
Vivado Simulator 2018.3
Time resolution is 1 ps
open_wave_config F:/FPGAassignment/miaobiao/sim_miaobiao_behav.wcfg
source sim_miaobiao.tcl
# set curr_wave [current_wave_config]
# if { [string length $curr_wave] == 0 } {
#   if { [llength [get_objects]] > 0} {
#     add_wave /
#     set_property needs_save false [current_wave_config]
#   } else {
#      send_msg_id Add_Wave-1 WARNING "No top level signals found. Simulator will start without a wave window. If you want to open a wave window go to 'File->New Waveform Configuration' or type 'create_wave_config' in the TCL console."
#   }
# }
# run 1000ns
INFO: [USF-XSim-96] XSim completed. Design snapshot 'sim_miaobiao_behav' loaded.
INFO: [USF-XSim-97] XSim simulation ran for 1000ns
launch_simulation: Time (s): cpu = 00:00:10 ; elapsed = 00:00:08 . Memory (MB): peak = 712.008 ; gain = 11.684
run 100 us
close_sim
INFO: [Simtcl 6-16] Simulation closed
exit
INFO: [Common 17-206] Exiting Vivado at Fri Dec  4 20:38:11 2020...
