#-----------------------------------------------------------
# Vivado v2018.3 (64-bit)
# SW Build 2405991 on Thu Dec  6 23:38:27 MST 2018
# IP Build 2404404 on Fri Dec  7 01:43:56 MST 2018
# Start of session at: Thu Dec 17 16:30:23 2020
# Process ID: 5652
# Current directory: F:/FPGAassignment/edge_detection
# Command line: vivado.exe -gui_launcher_event rodinguilauncherevent2832 F:\FPGAassignment\edge_detection\edge_detection.xpr
# Log file: F:/FPGAassignment/edge_detection/vivado.log
# Journal file: F:/FPGAassignment/edge_detection\vivado.jou
#-----------------------------------------------------------
start_gui
open_project F:/FPGAassignment/edge_detection/edge_detection.xpr
Scanning sources...
Finished scanning sources
INFO: [IP_Flow 19-234] Refreshing IP repositories
INFO: [IP_Flow 19-1704] No user IP repositories specified
INFO: [IP_Flow 19-2313] Loaded Vivado IP repository 'D:/Xilinx/Vivado/2018.3/data/ip'.
open_project: Time (s): cpu = 00:00:11 ; elapsed = 00:00:07 . Memory (MB): peak = 658.410 ; gain = 58.062
update_compile_order -fileset sources_1
exit
INFO: [Common 17-206] Exiting Vivado at Thu Dec 17 18:14:58 2020...
